Performing C SOURCE FILE Test CMAKE_HAVE_LIBC_PTHREAD failed with the following output:
Change Dir: /home/lwh/ORBSLAM2_with_pointcloud_map/orbslam2_modified/ORB_SLAM2_modified/build/CMakeFiles/CMakeTmp

Run Build Command(s):/usr/bin/make -f Makefile cmTC_755a7/fast && /usr/bin/make  -f CMakeFiles/cmTC_755a7.dir/build.make CMakeFiles/cmTC_755a7.dir/build
make[1]: Entering directory '/home/lwh/ORBSLAM2_with_pointcloud_map/orbslam2_modified/ORB_SLAM2_modified/build/CMakeFiles/CMakeTmp'
Building C object CMakeFiles/cmTC_755a7.dir/src.c.o
/usr/bin/cc -DCMAKE_HAVE_LIBC_PTHREAD  -Wall  -O3 -march=native   -o CMakeFiles/cmTC_755a7.dir/src.c.o -c /home/lwh/ORBSLAM2_with_pointcloud_map/orbslam2_modified/ORB_SLAM2_modified/build/CMakeFiles/CMakeTmp/src.c
Linking C executable cmTC_755a7
/usr/local/bin/cmake -E cmake_link_script CMakeFiles/cmTC_755a7.dir/link.txt --verbose=1
/usr/bin/cc   -Wall  -O3 -march=native   -rdynamic CMakeFiles/cmTC_755a7.dir/src.c.o -o cmTC_755a7 
CMakeFiles/cmTC_755a7.dir/src.c.o: In function `main':
src.c:(.text.startup+0x23): undefined reference to `pthread_create'
src.c:(.text.startup+0x2c): undefined reference to `pthread_detach'
src.c:(.text.startup+0x35): undefined reference to `pthread_cancel'
src.c:(.text.startup+0x40): undefined reference to `pthread_join'
src.c:(.text.startup+0x4b): undefined reference to `pthread_atfork'
collect2: error: ld returned 1 exit status
CMakeFiles/cmTC_755a7.dir/build.make:98: recipe for target 'cmTC_755a7' failed
make[1]: *** [cmTC_755a7] Error 1
make[1]: Leaving directory '/home/lwh/ORBSLAM2_with_pointcloud_map/orbslam2_modified/ORB_SLAM2_modified/build/CMakeFiles/CMakeTmp'
Makefile:127: recipe for target 'cmTC_755a7/fast' failed
make: *** [cmTC_755a7/fast] Error 2


Source file was:
#include <pthread.h>

static void* test_func(void* data)
{
  return data;
}

int main(void)
{
  pthread_t thread;
  pthread_create(&thread, NULL, test_func, NULL);
  pthread_detach(thread);
  pthread_cancel(thread);
  pthread_join(thread, NULL);
  pthread_atfork(NULL, NULL, NULL);
  pthread_exit(NULL);

  return 0;
}

Determining if the function pthread_create exists in the pthreads failed with the following output:
Change Dir: /home/lwh/ORBSLAM2_with_pointcloud_map/orbslam2_modified/ORB_SLAM2_modified/build/CMakeFiles/CMakeTmp

Run Build Command(s):/usr/bin/make -f Makefile cmTC_96095/fast && /usr/bin/make  -f CMakeFiles/cmTC_96095.dir/build.make CMakeFiles/cmTC_96095.dir/build
make[1]: Entering directory '/home/lwh/ORBSLAM2_with_pointcloud_map/orbslam2_modified/ORB_SLAM2_modified/build/CMakeFiles/CMakeTmp'
Building C object CMakeFiles/cmTC_96095.dir/CheckFunctionExists.c.o
/usr/bin/cc   -Wall  -O3 -march=native  -DCHECK_FUNCTION_EXISTS=pthread_create -o CMakeFiles/cmTC_96095.dir/CheckFunctionExists.c.o -c /usr/local/share/cmake-3.21/Modules/CheckFunctionExists.c
Linking C executable cmTC_96095
/usr/local/bin/cmake -E cmake_link_script CMakeFiles/cmTC_96095.dir/link.txt --verbose=1
/usr/bin/cc   -Wall  -O3 -march=native  -DCHECK_FUNCTION_EXISTS=pthread_create -rdynamic CMakeFiles/cmTC_96095.dir/CheckFunctionExists.c.o -o cmTC_96095  -lpthreads 
/usr/bin/ld: cannot find -lpthreads
collect2: error: ld returned 1 exit status
CMakeFiles/cmTC_96095.dir/build.make:98: recipe for target 'cmTC_96095' failed
make[1]: *** [cmTC_96095] Error 1
make[1]: Leaving directory '/home/lwh/ORBSLAM2_with_pointcloud_map/orbslam2_modified/ORB_SLAM2_modified/build/CMakeFiles/CMakeTmp'
Makefile:127: recipe for target 'cmTC_96095/fast' failed
make: *** [cmTC_96095/fast] Error 2



